4760 initialise_clink          109 ---- 2022/01/04 09:28:02.920 -------------------------------------------------
4760 initialise_clink          110 Host process is 'cmd.exe'
4760 initialise_clink          124 Windows version 10.0.19042 (x64)
4760 initialise_clink          127 Clink version 1.1.45.1c3985 (x64)
4760 hook_setter::hook_setter   36 >>> Started hook transaction.
4760 hook_iat                   53 Attempting to hook IAT for module 00007FF6353E0000
4760 hook_iat                   54 Target is (null),SetEnvironmentVariableW (by_name=1)
4760 pe_info::iterate_imports  154 Checking imports in 'msvcrt.dll'
4760 pe_info::iterate_imports  154 Checking imports in 'ntdll.dll'
4760 pe_info::iterate_imports  154 Checking imports in 'api-ms-win-core-kernel32-legacy-l1-1-0.dll'
4760 pe_info::iterate_imports  154 Checking imports in 'api-ms-win-core-libraryloader-l1-2-0.dll'
4760 pe_info::iterate_imports  154 Checking imports in 'api-ms-win-core-synch-l1-1-0.dll'
4760 pe_info::iterate_imports  154 Checking imports in 'api-ms-win-core-heap-l1-1-0.dll'
4760 pe_info::iterate_imports  154 Checking imports in 'api-ms-win-core-errorhandling-l1-1-0.dll'
4760 pe_info::iterate_imports  154 Checking imports in 'api-ms-win-core-processthreads-l1-1-0.dll'
4760 pe_info::iterate_imports  154 Checking imports in 'api-ms-win-core-localization-l1-2-0.dll'
4760 pe_info::iterate_imports  154 Checking imports in 'api-ms-win-core-debug-l1-1-0.dll'
4760 pe_info::iterate_imports  154 Checking imports in 'api-ms-win-core-handle-l1-1-0.dll'
4760 pe_info::iterate_imports  154 Checking imports in 'api-ms-win-core-memory-l1-1-0.dll'
4760 pe_info::iterate_imports  154 Checking imports in 'api-ms-win-core-console-l1-1-0.dll'
4760 pe_info::iterate_imports  154 Checking imports in 'api-ms-win-core-file-l1-1-0.dll'
4760 pe_info::iterate_imports  154 Checking imports in 'api-ms-win-core-string-l1-1-0.dll'
4760 pe_info::iterate_imports  154 Checking imports in 'api-ms-win-core-processenvironment-l1-1-0.dll'
4760 hook_iat                   81 Found import at 00007FF635413860 (value = 00007FFC46FAC370)
4760 hook_iat                   53 Attempting to hook IAT for module 00007FFBFAF60000
4760 hook_iat                   54 Target is (null),SetEnvironmentVariableW (by_name=1)
4760 pe_info::iterate_imports  154 Checking imports in 'VERSION.dll'
4760 pe_info::iterate_imports  154 Checking imports in 'SHLWAPI.dll'
4760 pe_info::iterate_imports  154 Checking imports in 'RPCRT4.dll'
4760 pe_info::iterate_imports  154 Checking imports in 'dbghelp.dll'
4760 pe_info::iterate_imports  154 Checking imports in 'KERNEL32.dll'
4760 hook_iat                   81 Found import at 00007FFBFB042208 (value = 00007FFC48B609C0)
4760 hook_iat                   53 Attempting to hook IAT for module 00007FF6353E0000
4760 hook_iat                   54 Target is (null),WriteConsoleW (by_name=1)
4760 pe_info::iterate_imports  154 Checking imports in 'msvcrt.dll'
4760 pe_info::iterate_imports  154 Checking imports in 'ntdll.dll'
4760 pe_info::iterate_imports  154 Checking imports in 'api-ms-win-core-kernel32-legacy-l1-1-0.dll'
4760 pe_info::iterate_imports  154 Checking imports in 'api-ms-win-core-libraryloader-l1-2-0.dll'
4760 pe_info::iterate_imports  154 Checking imports in 'api-ms-win-core-synch-l1-1-0.dll'
4760 pe_info::iterate_imports  154 Checking imports in 'api-ms-win-core-heap-l1-1-0.dll'
4760 pe_info::iterate_imports  154 Checking imports in 'api-ms-win-core-errorhandling-l1-1-0.dll'
4760 pe_info::iterate_imports  154 Checking imports in 'api-ms-win-core-processthreads-l1-1-0.dll'
4760 pe_info::iterate_imports  154 Checking imports in 'api-ms-win-core-localization-l1-2-0.dll'
4760 pe_info::iterate_imports  154 Checking imports in 'api-ms-win-core-debug-l1-1-0.dll'
4760 pe_info::iterate_imports  154 Checking imports in 'api-ms-win-core-handle-l1-1-0.dll'
4760 pe_info::iterate_imports  154 Checking imports in 'api-ms-win-core-memory-l1-1-0.dll'
4760 pe_info::iterate_imports  154 Checking imports in 'api-ms-win-core-console-l1-1-0.dll'
4760 hook_iat                   81 Found import at 00007FF6354134F8 (value = 00007FFC46F515C0)
4760 hook_iat                   53 Attempting to hook IAT for module 00007FFBFAF60000
4760 hook_iat                   54 Target is (null),WriteConsoleW (by_name=1)
4760 pe_info::iterate_imports  154 Checking imports in 'VERSION.dll'
4760 pe_info::iterate_imports  154 Checking imports in 'SHLWAPI.dll'
4760 pe_info::iterate_imports  154 Checking imports in 'RPCRT4.dll'
4760 pe_info::iterate_imports  154 Checking imports in 'dbghelp.dll'
4760 pe_info::iterate_imports  154 Checking imports in 'KERNEL32.dll'
4760 hook_iat                   81 Found import at 00007FFBFB0420E8 (value = 00007FFC48B653C0)
4760 hook_iat                   53 Attempting to hook IAT for module 00007FF6353E0000
4760 hook_iat                   54 Target is (null),GetEnvironmentVariableW (by_name=1)
4760 pe_info::iterate_imports  154 Checking imports in 'msvcrt.dll'
4760 pe_info::iterate_imports  154 Checking imports in 'ntdll.dll'
4760 pe_info::iterate_imports  154 Checking imports in 'api-ms-win-core-kernel32-legacy-l1-1-0.dll'
4760 pe_info::iterate_imports  154 Checking imports in 'api-ms-win-core-libraryloader-l1-2-0.dll'
4760 pe_info::iterate_imports  154 Checking imports in 'api-ms-win-core-synch-l1-1-0.dll'
4760 pe_info::iterate_imports  154 Checking imports in 'api-ms-win-core-heap-l1-1-0.dll'
4760 pe_info::iterate_imports  154 Checking imports in 'api-ms-win-core-errorhandling-l1-1-0.dll'
4760 pe_info::iterate_imports  154 Checking imports in 'api-ms-win-core-processthreads-l1-1-0.dll'
4760 pe_info::iterate_imports  154 Checking imports in 'api-ms-win-core-localization-l1-2-0.dll'
4760 pe_info::iterate_imports  154 Checking imports in 'api-ms-win-core-debug-l1-1-0.dll'
4760 pe_info::iterate_imports  154 Checking imports in 'api-ms-win-core-handle-l1-1-0.dll'
4760 pe_info::iterate_imports  154 Checking imports in 'api-ms-win-core-memory-l1-1-0.dll'
4760 pe_info::iterate_imports  154 Checking imports in 'api-ms-win-core-console-l1-1-0.dll'
4760 pe_info::iterate_imports  154 Checking imports in 'api-ms-win-core-file-l1-1-0.dll'
4760 pe_info::iterate_imports  154 Checking imports in 'api-ms-win-core-string-l1-1-0.dll'
4760 pe_info::iterate_imports  154 Checking imports in 'api-ms-win-core-processenvironment-l1-1-0.dll'
4760 hook_iat                   81 Found import at 00007FF635413880 (value = 00007FFC46F6AB60)
4760 hook_iat                   53 Attempting to hook IAT for module 00007FFBFAF60000
4760 hook_iat                   54 Target is (null),GetEnvironmentVariableW (by_name=1)
4760 pe_info::iterate_imports  154 Checking imports in 'VERSION.dll'
4760 pe_info::iterate_imports  154 Checking imports in 'SHLWAPI.dll'
4760 pe_info::iterate_imports  154 Checking imports in 'RPCRT4.dll'
4760 pe_info::iterate_imports  154 Checking imports in 'dbghelp.dll'
4760 pe_info::iterate_imports  154 Checking imports in 'KERNEL32.dll'
4760 hook_iat                   81 Found import at 00007FFBFB042200 (value = 00007FFC48B5B620)
4760 hook_setter::commit        88 <<< Hook transaction committed.
4760 hook_iat                   53 Attempting to hook IAT for module 00007FF6353E0000
4760 hook_iat                   54 Target is (null),GetEnvironmentVariableW (by_name=1)
4760 pe_info::iterate_imports  154 Checking imports in 'msvcrt.dll'
4760 pe_info::iterate_imports  154 Checking imports in 'ntdll.dll'
4760 pe_info::iterate_imports  154 Checking imports in 'api-ms-win-core-kernel32-legacy-l1-1-0.dll'
4760 pe_info::iterate_imports  154 Checking imports in 'api-ms-win-core-libraryloader-l1-2-0.dll'
4760 pe_info::iterate_imports  154 Checking imports in 'api-ms-win-core-synch-l1-1-0.dll'
4760 pe_info::iterate_imports  154 Checking imports in 'api-ms-win-core-heap-l1-1-0.dll'
4760 pe_info::iterate_imports  154 Checking imports in 'api-ms-win-core-errorhandling-l1-1-0.dll'
4760 pe_info::iterate_imports  154 Checking imports in 'api-ms-win-core-processthreads-l1-1-0.dll'
4760 pe_info::iterate_imports  154 Checking imports in 'api-ms-win-core-localization-l1-2-0.dll'
4760 pe_info::iterate_imports  154 Checking imports in 'api-ms-win-core-debug-l1-1-0.dll'
4760 pe_info::iterate_imports  154 Checking imports in 'api-ms-win-core-handle-l1-1-0.dll'
4760 pe_info::iterate_imports  154 Checking imports in 'api-ms-win-core-memory-l1-1-0.dll'
4760 pe_info::iterate_imports  154 Checking imports in 'api-ms-win-core-console-l1-1-0.dll'
4760 pe_info::iterate_imports  154 Checking imports in 'api-ms-win-core-file-l1-1-0.dll'
4760 pe_info::iterate_imports  154 Checking imports in 'api-ms-win-core-string-l1-1-0.dll'
4760 pe_info::iterate_imports  154 Checking imports in 'api-ms-win-core-processenvironment-l1-1-0.dll'
4760 hook_iat                   81 Found import at 00007FF635413880 (value = 00007FFBFAF70D30)
4760 hook_setter::hook_setter   36 >>> Started hook transaction.
4760 hook_setter::add_detour   119 Attempting to hook ReadConsoleW in kernelbase.dll with 00007FFBFAF710C0.
4760 add_repair_iat_node       135 Attempting to hook IAT for module 00007FFBFAF60000.
4760 add_repair_iat_node       143 Target is ReadConsoleW (by name).
4760 pe_info::iterate_imports  154 Checking imports in 'VERSION.dll'
4760 pe_info::iterate_imports  154 Checking imports in 'SHLWAPI.dll'
4760 pe_info::iterate_imports  154 Checking imports in 'RPCRT4.dll'
4760 pe_info::iterate_imports  154 Checking imports in 'dbghelp.dll'
4760 pe_info::iterate_imports  154 Checking imports in 'KERNEL32.dll'
4760 add_repair_iat_node       168 Found import at 00007FFBFB0421F8 (value is 00007FFC48B65370).
4760 hook_setter::commit        88 <<< Hook transaction committed.
4760 win_screen_buffer::begin  184 Using native terminal support; found 'conemuhk64.dll'.
4760 history_db::initialise   1061 master bank ctag: |CTAG_1641237681_1400856734_14928_0
4760 history_db::compact      1231 History:  49 active, 49 deleted
4760 history_db::compact      1231 History:  49 active, 50 deleted
4760 history_db::compact      1231 History:  49 active, 51 deleted
4760 history_db::compact      1231 History:  49 active, 52 deleted
4760 history_db::compact      1231 History:  50 active, 52 deleted
4760 history_db::compact      1231 History:  51 active, 52 deleted
4760 history_db::compact      1231 History:  51 active, 53 deleted
4760 history_db::compact      1231 History:  51 active, 54 deleted
